#
# There is insufficient memory for the Java Runtime Environment to continue.
# Native memory allocation (malloc) failed to allocate 32744 bytes for ChunkPool::allocate
# Possible reasons:
#   The system is out of physical RAM or swap space
#   The process is running with CompressedOops enabled, and the Java Heap may be blocking the growth of the native heap
# Possible solutions:
#   Reduce memory load on the system
#   Increase physical memory or swap space
#   Check if swap backing store is full
#   Decrease Java heap size (-Xmx/-Xms)
#   Decrease number of Java threads
#   Decrease Java thread stack sizes (-Xss)
#   Set larger code cache with -XX:ReservedCodeCacheSize=
#   JVM is running with Unscaled Compressed Oops mode in which the Java heap is
#     placed in the first 4GB address space. The Java Heap base address is the
#     maximum limit for the native heap growth. Please use -XX:HeapBaseMinAddress
#     to set the Java Heap base and to place the Java Heap above 4GB virtual address.
# This output file may be truncated or incomplete.
#
#  Out of Memory Error (allocation.cpp:272), pid=172792, tid=0x00000000000284dc
#
# JRE version: Java(TM) SE Runtime Environment (8.0_211-b12) (build 1.8.0_211-b12)
# Java VM: Java HotSpot(TM) 64-Bit Server VM (25.211-b12 mixed mode windows-amd64 compressed oops)
# Failed to write core dump. Minidumps are not enabled by default on client versions of Windows
#

---------------  T H R E A D  ---------------

Current thread (0x0000000005c42000):  JavaThread "C2 CompilerThread0" daemon [_thread_in_native, id=165084, stack(0x0000000006d60000,0x0000000006e60000)]

Stack: [0x0000000006d60000,0x0000000006e60000]
[error occurred during error reporting (printing stack bounds), id 0xc0000005]

Native frames: (J=compiled Java code, j=interpreted, Vv=VM code, C=native code)


Current CompileTask:
C2:  16043 3441   !   4       org.springframework.core.annotation.AnnotatedElementUtils::searchWithFindSemantics (774 bytes)


---------------  P R O C E S S  ---------------

Java Threads: ( => current thread )
  0x0000000058e7b000 JavaThread "mysql-cj-abandoned-connection-cleanup" daemon [_thread_blocked, id=180572, stack(0x000000005cb80000,0x000000005cc80000)]
  0x000000005b27d000 JavaThread "container-0" [_thread_blocked, id=180536, stack(0x0000000058190000,0x0000000058290000)]
  0x0000000059291800 JavaThread "Catalina-utility-2" [_thread_blocked, id=180420, stack(0x0000000059770000,0x0000000059870000)]
  0x000000005add4000 JavaThread "Catalina-utility-1" [_thread_blocked, id=180412, stack(0x00000000078f0000,0x00000000079f0000)]
  0x00000000576f0000 JavaThread "restartedMain" [_thread_in_native, id=171448, stack(0x0000000057c80000,0x0000000057d80000)]
  0x00000000576ee800 JavaThread "Thread-0" [_thread_blocked, id=145928, stack(0x00000000077f0000,0x00000000078f0000)]
  0x0000000007028800 JavaThread "Service Thread" daemon [_thread_blocked, id=173252, stack(0x00000000074c0000,0x00000000075c0000)]
  0x0000000005c44000 JavaThread "C1 CompilerThread1" daemon [_thread_in_native, id=176056, stack(0x0000000006f00000,0x0000000007000000)]
=>0x0000000005c42000 JavaThread "C2 CompilerThread0" daemon [_thread_in_native, id=165084, stack(0x0000000006d60000,0x0000000006e60000)]
  0x0000000005c2d800 JavaThread "Attach Listener" daemon [_thread_blocked, id=159592, stack(0x00000000068d0000,0x00000000069d0000)]
  0x0000000005c17000 JavaThread "Signal Dispatcher" daemon [_thread_blocked, id=175836, stack(0x0000000006bf0000,0x0000000006cf0000)]
  0x0000000005c03800 JavaThread "Finalizer" daemon [_thread_blocked, id=167756, stack(0x0000000006a60000,0x0000000006b60000)]
  0x0000000005bf8800 JavaThread "Reference Handler" daemon [_thread_blocked, id=171860, stack(0x0000000006640000,0x0000000006740000)]
  0x000000000018f000 JavaThread "main" [_thread_blocked, id=169548, stack(0x00000000027d0000,0x00000000028d0000)]

Other Threads:
  0x0000000005bb0800 VMThread [stack: 0x00000000067a0000,0x00000000068a0000] [id=174620]
  0x0000000007079000 WatcherThread [stack: 0x00000000076a0000,0x00000000077a0000] [id=176780]

VM state:not at safepoint (normal execution)

VM Mutex/Monitor currently owned by a thread: None

heap address: 0x00000000c1200000, size: 1006 MB, Compressed Oops mode: 32-bit
Narrow klass base: 0x0000000000000000, Narrow klass shift: 0
Compressed class space size: 1073741824 Address: 0x0000000017350000

Heap:
 PSYoungGen      total 130560K, used 6844K [0x00000000eb100000, 0x00000000f3a80000, 0x0000000100000000)
  eden space 120320K, 5% used [0x00000000eb100000,0x00000000eb7af2e0,0x00000000f2680000)
  from space 10240K, 0% used [0x00000000f2680000,0x00000000f2680000,0x00000000f3080000)
  to   space 8192K, 0% used [0x00000000f3080000,0x00000000f3080000,0x00000000f3880000)
 ParOldGen       total 29696K, used 14297K [0x00000000c1200000, 0x00000000c2f00000, 0x00000000eb100000)
  object space 29696K, 48% used [0x00000000c1200000,0x00000000c1ff67c8,0x00000000c2f00000)
 Metaspace       used 34227K, capacity 35824K, committed 36008K, reserved 1081344K
  class space    used 4414K, capacity 4712K, committed 4776K, reserved 1048576K

Card table byte_map: [0x0000000002c90000,0x0000000002e90000] byte_map_base: 0x0000000002687000

Marking Bits: (ParMarkBitMap*) 0x00000000082c5ce0
 Begin Bits: [0x0000000003110000, 0x00000000040c8000)
 End Bits:   [0x00000000040c8000, 0x0000000005080000)

Polling page: 0x0000000000130000

CodeCache: size=245760Kb used=11619Kb max_used=11752Kb free=234140Kb
 bounds [0x0000000008350000, 0x0000000008ee0000, 0x0000000017350000]
 total_blobs=3634 nmethods=3210 adapters=337
 compilation: enabled

Compilation events (10 events):
Event: 16.032 Thread 0x0000000005c44000 nmethod 3502 0x0000000008673710 code [0x0000000008673860, 0x0000000008673970]
Event: 16.032 Thread 0x0000000005c44000 3503       1       org.springframework.beans.factory.InjectionPoint::getMethodParameter (5 bytes)
Event: 16.032 Thread 0x0000000005c44000 nmethod 3503 0x0000000008467890 code [0x00000000084679e0, 0x0000000008467af0]
Event: 16.035 Thread 0x0000000005c44000 3504       3       org.apache.ibatis.reflection.property.PropertyTokenizer::<init> (110 bytes)
Event: 16.035 Thread 0x0000000005c44000 nmethod 3504 0x00000000088a2490 code [0x00000000088a2660, 0x00000000088a3098]
Event: 16.035 Thread 0x0000000005c44000 3505       3       org.apache.ibatis.reflection.property.PropertyTokenizer::hasNext (13 bytes)
Event: 16.035 Thread 0x0000000005c44000 nmethod 3505 0x0000000008467510 code [0x0000000008467660, 0x0000000008467810]
Event: 16.036 Thread 0x0000000005c44000 3506       1       sun.reflect.AccessorGenerator::sub (5 bytes)
Event: 16.036 Thread 0x0000000005c44000 nmethod 3506 0x00000000085963d0 code [0x0000000008596520, 0x0000000008596610]
Event: 16.039 Thread 0x0000000005c44000 3508       3       java.util.concurrent.ConcurrentHashMap$EntryIterator::next (51 bytes)

GC Heap History (10 events):
Event: 6.752 GC heap before
{Heap before GC invocations=7 (full 1):
 PSYoungGen      total 73216K, used 3048K [0x00000000eb100000, 0x00000000f0000000, 0x0000000100000000)
  eden space 65536K, 0% used [0x00000000eb100000,0x00000000eb100000,0x00000000ef100000)
  from space 7680K, 39% used [0x00000000ef880000,0x00000000efb7a030,0x00000000f0000000)
  to   space 7680K, 0% used [0x00000000ef100000,0x00000000ef100000,0x00000000ef880000)
 ParOldGen       total 44032K, used 11794K [0x00000000c1200000, 0x00000000c3d00000, 0x00000000eb100000)
  object space 44032K, 26% used [0x00000000c1200000,0x00000000c1d848a8,0x00000000c3d00000)
 Metaspace       used 20677K, capacity 21210K, committed 21296K, reserved 1067008K
  class space    used 2678K, capacity 2836K, committed 2864K, reserved 1048576K
Event: 6.863 GC heap after
Heap after GC invocations=7 (full 1):
 PSYoungGen      total 73216K, used 0K [0x00000000eb100000, 0x00000000f0000000, 0x0000000100000000)
  eden space 65536K, 0% used [0x00000000eb100000,0x00000000eb100000,0x00000000ef100000)
  from space 7680K, 0% used [0x00000000ef880000,0x00000000ef880000,0x00000000f0000000)
  to   space 7680K, 0% used [0x00000000ef100000,0x00000000ef100000,0x00000000ef880000)
 ParOldGen       total 29696K, used 6452K [0x00000000c1200000, 0x00000000c2f00000, 0x00000000eb100000)
  object space 29696K, 21% used [0x00000000c1200000,0x00000000c184d288,0x00000000c2f00000)
 Metaspace       used 20675K, capacity 21204K, committed 21296K, reserved 1067008K
  class space    used 2678K, capacity 2835K, committed 2864K, reserved 1048576K
}
Event: 10.153 GC heap before
{Heap before GC invocations=8 (full 1):
 PSYoungGen      total 73216K, used 65536K [0x00000000eb100000, 0x00000000f0000000, 0x0000000100000000)
  eden space 65536K, 100% used [0x00000000eb100000,0x00000000ef100000,0x00000000ef100000)
  from space 7680K, 0% used [0x00000000ef880000,0x00000000ef880000,0x00000000f0000000)
  to   space 7680K, 0% used [0x00000000ef100000,0x00000000ef100000,0x00000000ef880000)
 ParOldGen       total 29696K, used 6452K [0x00000000c1200000, 0x00000000c2f00000, 0x00000000eb100000)
  object space 29696K, 21% used [0x00000000c1200000,0x00000000c184d288,0x00000000c2f00000)
 Metaspace       used 25236K, capacity 26138K, committed 26288K, reserved 1073152K
  class space    used 3254K, capacity 3446K, committed 3504K, reserved 1048576K
Event: 10.172 GC heap after
Heap after GC invocations=8 (full 1):
 PSYoungGen      total 73216K, used 6499K [0x00000000eb100000, 0x00000000f3880000, 0x0000000100000000)
  eden space 65536K, 0% used [0x00000000eb100000,0x00000000eb100000,0x00000000ef100000)
  from space 7680K, 84% used [0x00000000ef100000,0x00000000ef758ef0,0x00000000ef880000)
  to   space 8192K, 0% used [0x00000000f3080000,0x00000000f3080000,0x00000000f3880000)
 ParOldGen       total 29696K, used 6479K [0x00000000c1200000, 0x00000000c2f00000, 0x00000000eb100000)
  object space 29696K, 21% used [0x00000000c1200000,0x00000000c1853eb8,0x00000000c2f00000)
 Metaspace       used 25236K, capacity 26138K, committed 26288K, reserved 1073152K
  class space    used 3254K, capacity 3446K, committed 3504K, reserved 1048576K
}
Event: 13.772 GC heap before
{Heap before GC invocations=9 (full 1):
 PSYoungGen      total 73216K, used 72035K [0x00000000eb100000, 0x00000000f3880000, 0x0000000100000000)
  eden space 65536K, 100% used [0x00000000eb100000,0x00000000ef100000,0x00000000ef100000)
  from space 7680K, 84% used [0x00000000ef100000,0x00000000ef758ef0,0x00000000ef880000)
  to   space 8192K, 0% used [0x00000000f3080000,0x00000000f3080000,0x00000000f3880000)
 ParOldGen       total 29696K, used 6479K [0x00000000c1200000, 0x00000000c2f00000, 0x00000000eb100000)
  object space 29696K, 21% used [0x00000000c1200000,0x00000000c1853eb8,0x00000000c2f00000)
 Metaspace       used 31150K, capacity 32560K, committed 32816K, reserved 1077248K
  class space    used 4014K, capacity 4310K, committed 4400K, reserved 1048576K
Event: 13.816 GC heap after
Heap after GC invocations=9 (full 1):
 PSYoungGen      total 128512K, used 8182K [0x00000000eb100000, 0x00000000f3a80000, 0x0000000100000000)
  eden space 120320K, 0% used [0x00000000eb100000,0x00000000eb100000,0x00000000f2680000)
  from space 8192K, 99% used [0x00000000f3080000,0x00000000f387d970,0x00000000f3880000)
  to   space 10240K, 0% used [0x00000000f2680000,0x00000000f2680000,0x00000000f3080000)
 ParOldGen       total 29696K, used 8880K [0x00000000c1200000, 0x00000000c2f00000, 0x00000000eb100000)
  object space 29696K, 29% used [0x00000000c1200000,0x00000000c1aac228,0x00000000c2f00000)
 Metaspace       used 31150K, capacity 32560K, committed 32816K, reserved 1077248K
  class space    used 4014K, capacity 4310K, committed 4400K, reserved 1048576K
}
Event: 15.355 GC heap before
{Heap before GC invocations=10 (full 1):
 PSYoungGen      total 128512K, used 37254K [0x00000000eb100000, 0x00000000f3a80000, 0x0000000100000000)
  eden space 120320K, 24% used [0x00000000eb100000,0x00000000ecd63fd0,0x00000000f2680000)
  from space 8192K, 99% used [0x00000000f3080000,0x00000000f387d970,0x00000000f3880000)
  to   space 10240K, 0% used [0x00000000f2680000,0x00000000f2680000,0x00000000f3080000)
 ParOldGen       total 29696K, used 8880K [0x00000000c1200000, 0x00000000c2f00000, 0x00000000eb100000)
  object space 29696K, 29% used [0x00000000c1200000,0x00000000c1aac228,0x00000000c2f00000)
 Metaspace       used 33825K, capacity 35350K, committed 35496K, reserved 1079296K
  class space    used 4361K, capacity 4667K, committed 4776K, reserved 1048576K
Event: 15.378 GC heap after
Heap after GC invocations=10 (full 1):
 PSYoungGen      total 130560K, used 10059K [0x00000000eb100000, 0x00000000f3a80000, 0x0000000100000000)
  eden space 120320K, 0% used [0x00000000eb100000,0x00000000eb100000,0x00000000f2680000)
  from space 10240K, 98% used [0x00000000f2680000,0x00000000f3052db8,0x00000000f3080000)
  to   space 8192K, 0% used [0x00000000f3080000,0x00000000f3080000,0x00000000f3880000)
 ParOldGen       total 29696K, used 8888K [0x00000000c1200000, 0x00000000c2f00000, 0x00000000eb100000)
  object space 29696K, 29% used [0x00000000c1200000,0x00000000c1aae228,0x00000000c2f00000)
 Metaspace       used 33825K, capacity 35350K, committed 35496K, reserved 1079296K
  class space    used 4361K, capacity 4667K, committed 4776K, reserved 1048576K
}
Event: 15.378 GC heap before
{Heap before GC invocations=11 (full 2):
 PSYoungGen      total 130560K, used 10059K [0x00000000eb100000, 0x00000000f3a80000, 0x0000000100000000)
  eden space 120320K, 0% used [0x00000000eb100000,0x00000000eb100000,0x00000000f2680000)
  from space 10240K, 98% used [0x00000000f2680000,0x00000000f3052db8,0x00000000f3080000)
  to   space 8192K, 0% used [0x00000000f3080000,0x00000000f3080000,0x00000000f3880000)
 ParOldGen       total 29696K, used 8888K [0x00000000c1200000, 0x00000000c2f00000, 0x00000000eb100000)
  object space 29696K, 29% used [0x00000000c1200000,0x00000000c1aae228,0x00000000c2f00000)
 Metaspace       used 33825K, capacity 35350K, committed 35496K, reserved 1079296K
  class space    used 4361K, capacity 4667K, committed 4776K, reserved 1048576K
Event: 15.612 GC heap after
Heap after GC invocations=11 (full 2):
 PSYoungGen      total 130560K, used 0K [0x00000000eb100000, 0x00000000f3a80000, 0x0000000100000000)
  eden space 120320K, 0% used [0x00000000eb100000,0x00000000eb100000,0x00000000f2680000)
  from space 10240K, 0% used [0x00000000f2680000,0x00000000f2680000,0x00000000f3080000)
  to   space 8192K, 0% used [0x00000000f3080000,0x00000000f3080000,0x00000000f3880000)
 ParOldGen       total 29696K, used 14297K [0x00000000c1200000, 0x00000000c2f00000, 0x00000000eb100000)
  object space 29696K, 48% used [0x00000000c1200000,0x00000000c1ff67c8,0x00000000c2f00000)
 Metaspace       used 33825K, capacity 35350K, committed 35496K, reserved 1079296K
  class space    used 4361K, capacity 4667K, committed 4776K, reserved 1048576K
}

Deoptimization events (10 events):
Event: 15.032 Thread 0x00000000576f0000 Uncommon trap: reason=bimorphic action=maybe_recompile pc=0x00000000086c5458 method=java.util.Hashtable.get(Ljava/lang/Object;)Ljava/lang/Object; @ 6
Event: 15.032 Thread 0x00000000576f0000 Uncommon trap: reason=bimorphic action=maybe_recompile pc=0x00000000086c5458 method=java.util.Hashtable.get(Ljava/lang/Object;)Ljava/lang/Object; @ 6
Event: 15.056 Thread 0x00000000576f0000 Uncommon trap: reason=unstable_if action=reinterpret pc=0x0000000008e0cc08 method=org.springframework.beans.factory.support.AbstractBeanFactory.isTypeMatch(Ljava/lang/String;Lorg/springframework/core/ResolvableType;)Z @ 452
Event: 15.139 Thread 0x00000000576f0000 Uncommon trap: reason=unstable_if action=reinterpret pc=0x0000000008b23a3c method=org.springframework.util.ObjectUtils.nullSafeEquals(Ljava/lang/Object;Ljava/lang/Object;)Z @ 8
Event: 15.139 Thread 0x00000000576f0000 Uncommon trap: reason=unstable_if action=reinterpret pc=0x0000000008b28ad4 method=org.springframework.boot.context.properties.source.ConfigurationPropertyName.equals(Ljava/lang/Object;)Z @ 8
Event: 15.153 Thread 0x00000000576f0000 Uncommon trap: reason=unstable_if action=reinterpret pc=0x0000000008651f70 method=java.lang.AbstractStringBuilder.append(Ljava/lang/String;)Ljava/lang/AbstractStringBuilder; @ 1
Event: 15.233 Thread 0x0000000058e7b000 Uncommon trap: reason=unstable_if action=reinterpret pc=0x0000000008a0cdc4 method=java.net.URL.<init>(Ljava/net/URL;Ljava/lang/String;Ljava/net/URLStreamHandler;)V @ 57
Event: 15.293 Thread 0x00000000576f0000 Uncommon trap: reason=unstable_if action=reinterpret pc=0x0000000008583500 method=java.net.URI.match(CJJ)Z @ 32
Event: 15.328 Thread 0x00000000576f0000 Uncommon trap: reason=unstable_if action=reinterpret pc=0x0000000008cd7230 method=java.util.concurrent.ConcurrentHashMap.get(Ljava/lang/Object;)Ljava/lang/Object; @ 152
Event: 15.328 Thread 0x00000000576f0000 Uncommon trap: reason=unstable_if action=reinterpret pc=0x0000000008e9e9c4 method=java.util.concurrent.ConcurrentHashMap.putVal(Ljava/lang/Object;Ljava/lang/Object;Z)Ljava/lang/Object; @ 331

Classes redefined (0 events):
No events

Internal exceptions (10 events):
Event: 15.158 Thread 0x00000000576f0000 Implicit null exception at 0x0000000008bd12cd to 0x0000000008bd181c
Event: 15.158 Thread 0x00000000576f0000 Exception <a 'java/lang/NullPointerException'> (0x00000000ec57ca50) thrown at [C:\re\workspace\8-2-build-windows-amd64-cygwin\jdk8u211\12973\hotspot\src\share\vm\runtime\sharedRuntime.cpp, line 605]
Event: 15.158 Thread 0x00000000576f0000 Implicit null exception at 0x0000000008bd12cd to 0x0000000008bd181c
Event: 15.158 Thread 0x00000000576f0000 Exception <a 'java/lang/NullPointerException'> (0x00000000ec57d9f8) thrown at [C:\re\workspace\8-2-build-windows-amd64-cygwin\jdk8u211\12973\hotspot\src\share\vm\runtime\sharedRuntime.cpp, line 605]
Event: 15.158 Thread 0x00000000576f0000 Implicit null exception at 0x0000000008bd12cd to 0x0000000008bd181c
Event: 15.158 Thread 0x00000000576f0000 Exception <a 'java/lang/NullPointerException'> (0x00000000ec57ea08) thrown at [C:\re\workspace\8-2-build-windows-amd64-cygwin\jdk8u211\12973\hotspot\src\share\vm\runtime\sharedRuntime.cpp, line 605]
Event: 15.158 Thread 0x00000000576f0000 Implicit null exception at 0x0000000008bd12cd to 0x0000000008bd181c
Event: 15.158 Thread 0x00000000576f0000 Exception <a 'java/lang/NullPointerException'> (0x00000000ec57f9b0) thrown at [C:\re\workspace\8-2-build-windows-amd64-cygwin\jdk8u211\12973\hotspot\src\share\vm\runtime\sharedRuntime.cpp, line 605]
Event: 15.158 Thread 0x00000000576f0000 Implicit null exception at 0x0000000008bd12cd to 0x0000000008bd181c
Event: 15.159 Thread 0x00000000576f0000 Exception <a 'java/lang/NullPointerException'> (0x00000000ec580948) thrown at [C:\re\workspace\8-2-build-windows-amd64-cygwin\jdk8u211\12973\hotspot\src\share\vm\runtime\sharedRuntime.cpp, line 605]

Events (10 events):
Event: 15.974 Thread 0x0000000005c44000 flushing nmethod 0x0000000008928f90
Event: 15.974 Thread 0x0000000005c44000 flushing nmethod 0x0000000008950290
Event: 15.978 Thread 0x0000000005c44000 flushing nmethod 0x0000000008a3cad0
Event: 15.978 Thread 0x0000000005c44000 flushing nmethod 0x0000000008a3d390
Event: 15.978 Thread 0x0000000005c44000 flushing nmethod 0x0000000008a3e6d0
Event: 15.978 Thread 0x0000000005c44000 flushing nmethod 0x0000000008a49dd0
Event: 15.978 loading class org/apache/ibatis/executor/keygen/Jdbc3KeyGenerator
Event: 15.978 loading class org/apache/ibatis/executor/keygen/Jdbc3KeyGenerator done
Event: 16.033 loading class org/springframework/web/multipart/MultipartFile
Event: 16.033 loading class org/springframework/web/multipart/MultipartFile done


Dynamic libraries:
0x000000013f3c0000 - 0x000000013f3f7000 	C:\Program Files\Java\jdk1.8.0_211\jre\bin\java.exe
0x0000000077900000 - 0x0000000077aa9000 	C:\Windows\SYSTEM32\ntdll.dll
0x00000000777e0000 - 0x00000000778ff000 	C:\Windows\system32\kernel32.dll
0x000007fefd940000 - 0x000007fefd9ab000 	C:\Windows\system32\KERNELBASE.dll
0x000007feff6e0000 - 0x000007feff7bb000 	C:\Windows\system32\ADVAPI32.dll
0x000007feff4c0000 - 0x000007feff55f000 	C:\Windows\system32\msvcrt.dll
0x000007fefdf30000 - 0x000007fefdf4f000 	C:\Windows\SYSTEM32\sechost.dll
0x000007fefe510000 - 0x000007fefe63d000 	C:\Windows\system32\RPCRT4.dll
0x00000000776e0000 - 0x00000000777da000 	C:\Windows\system32\USER32.dll
0x000007fefe2b0000 - 0x000007fefe317000 	C:\Windows\system32\GDI32.dll
0x000007fefe320000 - 0x000007fefe32e000 	C:\Windows\system32\LPK.dll
0x000007fefde50000 - 0x000007fefdf19000 	C:\Windows\system32\USP10.dll
0x000007fefc320000 - 0x000007fefc514000 	C:\Windows\WinSxS\amd64_microsoft.windows.common-controls_6595b64144ccf1df_6.0.7601.17514_none_fa396087175ac9ac\COMCTL32.dll
0x000007fefdfd0000 - 0x000007fefe041000 	C:\Windows\system32\SHLWAPI.dll
0x000007feffbe0000 - 0x000007feffc0e000 	C:\Windows\system32\IMM32.DLL
0x000007feff7c0000 - 0x000007feff8c9000 	C:\Windows\system32\MSCTF.dll
0x0000000078e80000 - 0x0000000078f52000 	C:\Program Files\Java\jdk1.8.0_211\jre\bin\msvcr100.dll
0x0000000007aa0000 - 0x0000000008345000 	C:\Program Files\Java\jdk1.8.0_211\jre\bin\server\jvm.dll
0x000007fef5cb0000 - 0x000007fef5cb9000 	C:\Windows\system32\WSOCK32.dll
0x000007feff470000 - 0x000007feff4bd000 	C:\Windows\system32\WS2_32.dll
0x000007fefdf20000 - 0x000007fefdf28000 	C:\Windows\system32\NSI.dll
0x000007fef8cc0000 - 0x000007fef8cfb000 	C:\Windows\system32\WINMM.dll
0x000007fefc9b0000 - 0x000007fefc9bc000 	C:\Windows\system32\VERSION.dll
0x0000000077ad0000 - 0x0000000077ad7000 	C:\Windows\system32\PSAPI.DLL
0x000007fef5d20000 - 0x000007fef5d2f000 	C:\Program Files\Java\jdk1.8.0_211\jre\bin\verify.dll
0x000007fee4d70000 - 0x000007fee4d99000 	C:\Program Files\Java\jdk1.8.0_211\jre\bin\java.dll
0x000007fef1050000 - 0x000007fef1066000 	C:\Program Files\Java\jdk1.8.0_211\jre\bin\zip.dll
0x000007fefe6e0000 - 0x000007feff468000 	C:\Windows\system32\SHELL32.dll
0x000007feff9d0000 - 0x000007feffbd3000 	C:\Windows\system32\ole32.dll
0x000007fefd850000 - 0x000007fefd85f000 	C:\Windows\system32\profapi.dll
0x000007fee5060000 - 0x000007fee506d000 	C:\Program Files\Java\jdk1.8.0_211\jre\bin\management.dll
0x000007fee5320000 - 0x000007fee533a000 	C:\Program Files\Java\jdk1.8.0_211\jre\bin\net.dll
0x000007feff560000 - 0x000007feff6d8000 	C:\Windows\system32\urlmon.dll
0x000007fefdd20000 - 0x000007fefde4a000 	C:\Windows\system32\WININET.dll
0x000007fefe050000 - 0x000007fefe2a9000 	C:\Windows\system32\iertutil.dll
0x000007fefdc40000 - 0x000007fefdd17000 	C:\Windows\system32\OLEAUT32.dll
0x000007fefd9b0000 - 0x000007fefdb17000 	C:\Windows\system32\CRYPT32.dll
0x000007fefd8f0000 - 0x000007fefd8ff000 	C:\Windows\system32\MSASN1.dll
0x000007fefd080000 - 0x000007fefd0d5000 	C:\Windows\system32\mswsock.dll
0x000007fefd070000 - 0x000007fefd077000 	C:\Windows\System32\wship6.dll
0x000007fefb830000 - 0x000007fefb845000 	C:\Windows\system32\NLAapi.dll
0x000007fefb320000 - 0x000007fefb335000 	C:\Windows\system32\napinsp.dll
0x000007fefb300000 - 0x000007fefb319000 	C:\Windows\system32\pnrpnsp.dll
0x000007fefcf00000 - 0x000007fefcf5b000 	C:\Windows\system32\DNSAPI.dll
0x000007fefb6e0000 - 0x000007fefb6eb000 	C:\Windows\System32\winrnr.dll
0x000000006dd90000 - 0x000000006ddb6000 	C:\Program Files\Bonjour\mdnsNSP.dll
0x000007fefb110000 - 0x000007fefb137000 	C:\Windows\system32\Iphlpapi.DLL
0x000007fefb100000 - 0x000007fefb10b000 	C:\Windows\system32\WINNSI.DLL
0x000007fefca80000 - 0x000007fefca87000 	C:\Windows\System32\wshtcpip.dll
0x000007fefb550000 - 0x000007fefb558000 	C:\Windows\system32\rasadhlp.dll
0x000007fefafd0000 - 0x000007fefb023000 	C:\Windows\System32\fwpuclnt.dll
0x000007fef0fe0000 - 0x000007fef0ff2000 	C:\Program Files\Java\jdk1.8.0_211\jre\bin\nio.dll
0x0000000180000000 - 0x0000000180281000 	D:\zhao\apache-tomcat-9.0.20\bin\tcnative-1.dll
0x000007fefd230000 - 0x000007fefd252000 	C:\Windows\system32\bcrypt.dll
0x000007fefd0e0000 - 0x000007fefd0f7000 	C:\Windows\system32\CRYPTSP.dll
0x000007fefcde0000 - 0x000007fefce27000 	C:\Windows\system32\rsaenh.dll
0x000007fefcb90000 - 0x000007fefcbae000 	C:\Windows\system32\USERENV.dll
0x000007fefd740000 - 0x000007fefd74f000 	C:\Windows\system32\CRYPTBASE.dll
0x000007fefadf0000 - 0x000007fefae08000 	C:\Windows\system32\dhcpcsvc.DLL
0x000007fefae10000 - 0x000007fefae21000 	C:\Windows\system32\dhcpcsvc6.DLL
0x000007fefcd20000 - 0x000007fefcd6c000 	C:\Windows\system32\bcryptprimitives.dll

VM Arguments:
java_command: xyz.n490808114.train.TrainApplication
java_class_path (initial): D:\zhao\github\Java_hrm\新建文件夹\train\target\classes;C:\Users\Administrator\.m2\repository\org\springframework\boot\spring-boot-starter-web\2.1.7.RELEASE\spring-boot-starter-web-2.1.7.RELEASE.jar;C:\Users\Administrator\.m2\repository\org\springframework\boot\spring-boot-starter\2.1.7.RELEASE\spring-boot-starter-2.1.7.RELEASE.jar;C:\Users\Administrator\.m2\repository\org\springframework\boot\spring-boot-starter-logging\2.1.7.RELEASE\spring-boot-starter-logging-2.1.7.RELEASE.jar;C:\Users\Administrator\.m2\repository\ch\qos\logback\logback-classic\1.2.3\logback-classic-1.2.3.jar;C:\Users\Administrator\.m2\repository\ch\qos\logback\logback-core\1.2.3\logback-core-1.2.3.jar;C:\Users\Administrator\.m2\repository\org\apache\logging\log4j\log4j-to-slf4j\2.11.2\log4j-to-slf4j-2.11.2.jar;C:\Users\Administrator\.m2\repository\org\apache\logging\log4j\log4j-api\2.11.2\log4j-api-2.11.2.jar;C:\Users\Administrator\.m2\repository\org\slf4j\jul-to-slf4j\1.7.26\jul-to-slf4j-1.7.26.jar;C:\Users\Administrator\.m2\repository\javax\annotation\javax.annotation-api\1.3.2\javax.annotation-api-1.3.2.jar;C:\Users\Administrator\.m2\repository\org\yaml\snakeyaml\1.23\snakeyaml-1.23.jar;C:\Users\Administrator\.m2\repository\org\springframework\boot\spring-boot-starter-json\2.1.7.RELEASE\spring-boot-starter-json-2.1.7.RELEASE.jar;C:\Users\Administrator\.m2\repository\com\fasterxml\jackson\core\jackson-databind\2.9.9\jackson-databind-2.9.9.jar;C:\Users\Administrator\.m2\repository\com\fasterxml\jackson\core\jackson-annotations\2.9.0\jackson-annotations-2.9.0.jar;C:\Users\Administrator\.m2\repository\com\fasterxml\jackson\core\jackson-core\2.9.9\jackson-core-2.9.9.jar;C:\Users\Administrator\.m2\repository\com\fasterxml\jackson\datatype\jackson-datatype-jdk8\2.9.9\jackson-datatype-jdk8-2.9.9.jar;C:\Users\Administrator\.m2\repository\com\fasterxml\jackson\datatype\jackson-datatype-jsr310\2.9.9\jackson-datatype-jsr310-2.9.9.jar;C:\Users\Administrator\.m2\repository\com\
Launcher Type: SUN_STANDARD

Environment Variables:
JAVA_HOME=C:\Program Files\Java\jdk1.8.0_211
PATH=C:\Program Files\JetBrains\IntelliJ IDEA 2019.2\jbr\\bin;C:\Program Files\JetBrains\IntelliJ IDEA 2019.2\jbr\\bin\server;C:\Program Files (x86)\Common Files\Oracle\Java\javapath;C:\Windows\system32;C:\Windows;C:\Windows\System32\Wbem;C:\Windows\System32\WindowsPowerShell\v1.0\;C:\apache-maven-3.6.1\bin;C:\Program Files\Java\jdk1.8.0_211\bin;D:\zhao\apache-tomcat-9.0.20\bin;C:\curl-7.65.3-win64-mingw\bin;D:\Program Files (x86)\Microsoft VS Code\bin;D:\Program Files (x86)\IntelliJ IDEA Community Edition 2019.1.1\bin;C:\Users\Administrator\AppData\Local\GitHubDesktop\bin;C:\curl-7.65.3-win64-mingw\bin
USERNAME=四川铁航
OS=Windows_NT
PROCESSOR_IDENTIFIER=Intel64 Family 6 Model 158 Stepping 9, GenuineIntel



---------------  S Y S T E M  ---------------

OS: Windows 7 , 64 bit Build 7601 (6.1.7601.17514)

CPU:total 2 (initial active 2) (2 cores per cpu, 1 threads per core) family 6 model 158 stepping 9, cmov, cx8, fxsr, mmx, sse, sse2, sse3, ssse3, sse4.1, sse4.2, popcnt, aes, clmul, erms, 3dnowpref, lzcnt, tsc, tscinvbit

Memory: 4k page, physical 4118156k(118316k free), swap 12509016k(3968k free)

vm_info: Java HotSpot(TM) 64-Bit Server VM (25.211-b12) for windows-amd64 JRE (1.8.0_211-b12), built on Apr  1 2019 20:53:26 by "java_re" with MS VC++ 10.0 (VS2010)

time: Wed Aug 07 17:56:03 2019
timezone: 中国标准时间
elapsed time: 16 seconds (0d 0h 0m 16s)

